Performing C SOURCE FILE Test CMAKE_HAVE_LIBC_PTHREAD failed with the following output:
Change Dir: /home/tei/projects/limit_order_book/cmake-build-debug/CMakeFiles/CMakeTmp

Run Build Command(s):/nix/store/wfzdk9vxayfnw7fqy05s7mmypg5a8lyr-gnumake-4.3/bin/make cmTC_5beab/fast && /nix/store/wfzdk9vxayfnw7fqy05s7mmypg5a8lyr-gnumake-4.3/bin/make  -f CMakeFiles/cmTC_5beab.dir/build.make CMakeFiles/cmTC_5beab.dir/build
make[1]: Entering directory '/home/tei/projects/limit_order_book/cmake-build-debug/CMakeFiles/CMakeTmp'
Building C object CMakeFiles/cmTC_5beab.dir/src.c.o
/run/current-system/sw/bin/gcc -DCMAKE_HAVE_LIBC_PTHREAD   -o CMakeFiles/cmTC_5beab.dir/src.c.o -c /home/tei/projects/limit_order_book/cmake-build-debug/CMakeFiles/CMakeTmp/src.c
Linking C executable cmTC_5beab
/nix/store/5cl0n3viqbgfgh0zaizaag6p3s5444x6-cmake-3.19.7/bin/cmake -E cmake_link_script CMakeFiles/cmTC_5beab.dir/link.txt --verbose=1
/run/current-system/sw/bin/gcc -rdynamic CMakeFiles/cmTC_5beab.dir/src.c.o -o cmTC_5beab 
/nix/store/5ddb4j8z84p6sjphr0kh6cbq5jd12ncs-binutils-2.35.1/bin/ld: CMakeFiles/cmTC_5beab.dir/src.c.o: in function `main':
src.c:(.text.startup+0x23): undefined reference to `pthread_create'
/nix/store/5ddb4j8z84p6sjphr0kh6cbq5jd12ncs-binutils-2.35.1/bin/ld: src.c:(.text.startup+0x2c): undefined reference to `pthread_detach'
/nix/store/5ddb4j8z84p6sjphr0kh6cbq5jd12ncs-binutils-2.35.1/bin/ld: src.c:(.text.startup+0x35): undefined reference to `pthread_cancel'
/nix/store/5ddb4j8z84p6sjphr0kh6cbq5jd12ncs-binutils-2.35.1/bin/ld: src.c:(.text.startup+0x40): undefined reference to `pthread_join'
collect2: error: ld returned 1 exit status
make[1]: *** [CMakeFiles/cmTC_5beab.dir/build.make:106: cmTC_5beab] Error 1
make[1]: Leaving directory '/home/tei/projects/limit_order_book/cmake-build-debug/CMakeFiles/CMakeTmp'
make: *** [Makefile:140: cmTC_5beab/fast] Error 2


Source file was:
#include <pthread.h>

static void* test_func(void* data)
{
  return data;
}

int main(void)
{
  pthread_t thread;
  pthread_create(&thread, NULL, test_func, NULL);
  pthread_detach(thread);
  pthread_cancel(thread);
  pthread_join(thread, NULL);
  pthread_atfork(NULL, NULL, NULL);
  pthread_exit(NULL);

  return 0;
}

Determining if the function pthread_create exists in the pthreads failed with the following output:
Change Dir: /home/tei/projects/limit_order_book/cmake-build-debug/CMakeFiles/CMakeTmp

Run Build Command(s):/nix/store/wfzdk9vxayfnw7fqy05s7mmypg5a8lyr-gnumake-4.3/bin/make cmTC_1b71c/fast && /nix/store/wfzdk9vxayfnw7fqy05s7mmypg5a8lyr-gnumake-4.3/bin/make  -f CMakeFiles/cmTC_1b71c.dir/build.make CMakeFiles/cmTC_1b71c.dir/build
make[1]: Entering directory '/home/tei/projects/limit_order_book/cmake-build-debug/CMakeFiles/CMakeTmp'
Building C object CMakeFiles/cmTC_1b71c.dir/CheckFunctionExists.c.o
/run/current-system/sw/bin/gcc   -DCHECK_FUNCTION_EXISTS=pthread_create -o CMakeFiles/cmTC_1b71c.dir/CheckFunctionExists.c.o -c /nix/store/5cl0n3viqbgfgh0zaizaag6p3s5444x6-cmake-3.19.7/share/cmake-3.19/Modules/CheckFunctionExists.c
Linking C executable cmTC_1b71c
/nix/store/5cl0n3viqbgfgh0zaizaag6p3s5444x6-cmake-3.19.7/bin/cmake -E cmake_link_script CMakeFiles/cmTC_1b71c.dir/link.txt --verbose=1
/run/current-system/sw/bin/gcc  -DCHECK_FUNCTION_EXISTS=pthread_create -rdynamic CMakeFiles/cmTC_1b71c.dir/CheckFunctionExists.c.o -o cmTC_1b71c  -lpthreads 
/nix/store/5ddb4j8z84p6sjphr0kh6cbq5jd12ncs-binutils-2.35.1/bin/ld: cannot find -lpthreads
collect2: error: ld returned 1 exit status
make[1]: *** [CMakeFiles/cmTC_1b71c.dir/build.make:106: cmTC_1b71c] Error 1
make[1]: Leaving directory '/home/tei/projects/limit_order_book/cmake-build-debug/CMakeFiles/CMakeTmp'
make: *** [Makefile:140: cmTC_1b71c/fast] Error 2



